d:\computer vault\vcs-training\wxx+2\mfcchatroom\mfcchatroomclient\x64\debug\vc143.pdb
d:\computer vault\vcs-training\wxx+2\mfcchatroom\mfcchatroomclient\x64\debug\vc143.idb
d:\computer vault\vcs-training\wxx+2\mfcchatroom\mfcchatroomclient\x64\debug\mfcchatroomclient.obj
d:\computer vault\vcs-training\wxx+2\mfcchatroom\mfcchatroomclient\x64\debug\messageclienthello.obj
d:\computer vault\vcs-training\wxx+2\mfcchatroom\mfcchatroomclient\x64\debug\imessage.obj
d:\computer vault\vcs-training\wxx+2\mfcchatroom\mfcchatroomclient\x64\debug\ilistener.obj
d:\computer vault\vcs-training\wxx+2\mfcchatroom\mfcchatroomclient\x64\debug\cmainframeclient.obj
d:\computer vault\vcs-training\wxx+2\mfcchatroom\mfcchatroomclient\x64\debug\clistctrlex.obj
d:\computer vault\vcs-training\wxx+2\mfcchatroom\mfcchatroomclient\x64\debug\clientsocket.obj
d:\computer vault\vcs-training\wxx+2\mfcchatroom\mfcchatroomclient\x64\debug\ceditex.obj
d:\computer vault\vcs-training\wxx+2\mfcchatroom\mfcchatroomclient\x64\debug\mfcchatroomclient.ilk
d:\computer vault\vcs-training\wxx+2\mfcchatroom\x64\debug\mfcchatroomclient.exe
d:\computer vault\vcs-training\wxx+2\mfcchatroom\x64\debug\mfcchatroomclient.pdb
c:\users\whoisyourdaddy\documents\github\vcs-training\wxx+2\mfcchatroom\mfcchatroomclient\x64\debug\clistctrlex.obj
c:\users\whoisyourdaddy\documents\github\vcs-training\wxx+2\mfcchatroom\mfcchatroomclient\x64\debug\cmainframeclient.obj
c:\users\whoisyourdaddy\documents\github\vcs-training\wxx+2\mfcchatroom\mfcchatroomclient\x64\debug\mfcchatroomclient.obj
c:\users\whoisyourdaddy\documents\github\vcs-training\wxx+2\mfcchatroom\mfcchatroomclient\x64\debug\mfcchatroomclient.ilk
c:\users\whoisyourdaddy\documents\github\vcs-training\wxx+2\mfcchatroom\mfcchatroomclient\x64\debug\vc143.idb
c:\users\whoisyourdaddy\documents\github\vcs-training\wxx+2\mfcchatroom\mfcchatroomclient\x64\debug\vc143.pdb
c:\users\whoisyourdaddy\documents\github\vcs-training\wxx+2\mfcchatroom\x64\debug\mfcchatroomclient.pdb
c:\users\whoisyourdaddy\documents\github\vcs-training\wxx+2\mfcchatroom\x64\debug\mfcchatroomclient.exe
c:\users\whoisyourdaddy\documents\github\vcs-training\wxx+2\mfcchatroom\mfcchatroomclient\x64\debug\mfcchatr.1dde14b8.tlog\cl.command.1.tlog
c:\users\whoisyourdaddy\documents\github\vcs-training\wxx+2\mfcchatroom\mfcchatroomclient\x64\debug\mfcchatr.1dde14b8.tlog\cl.read.1.tlog
c:\users\whoisyourdaddy\documents\github\vcs-training\wxx+2\mfcchatroom\mfcchatroomclient\x64\debug\mfcchatr.1dde14b8.tlog\cl.write.1.tlog
c:\users\whoisyourdaddy\documents\github\vcs-training\wxx+2\mfcchatroom\mfcchatroomclient\x64\debug\mfcchatr.1dde14b8.tlog\link.command.1.tlog
c:\users\whoisyourdaddy\documents\github\vcs-training\wxx+2\mfcchatroom\mfcchatroomclient\x64\debug\mfcchatr.1dde14b8.tlog\link.read.1.tlog
c:\users\whoisyourdaddy\documents\github\vcs-training\wxx+2\mfcchatroom\mfcchatroomclient\x64\debug\mfcchatr.1dde14b8.tlog\link.write.1.tlog
